<?xml version="1.0" encoding="UTF-8"?>
<testsuite xmlns:xsi="http://www.w3.org/2001/XMLSchema-instance" xsi:noNamespaceSchemaLocation="https://maven.apache.org/surefire/maven-surefire-plugin/xsd/surefire-test-report-3.0.xsd" version="3.0" name="TestSuite" time="35.539" tests="2" errors="0" skipped="0" failures="0">
  <properties>
    <property name="java.specification.version" value="15"/>
    <property name="webdriver.chrome.driver" value="/Users/akeemwatson/IdeaProjects/gymshark-cucumber-pageobject-testng/src/test/resources/chromedriver"/>
    <property name="sun.jnu.encoding" value="UTF-8"/>
    <property name="java.class.path" value="/Users/akeemwatson/IdeaProjects/gymshark-cucumber-pageobject-testng/target/test-classes:/Users/akeemwatson/IdeaProjects/gymshark-cucumber-pageobject-testng/target/classes:/Users/akeemwatson/.m2/repository/org/seleniumhq/selenium/selenium-java/3.141.59/selenium-java-3.141.59.jar:/Users/akeemwatson/.m2/repository/org/seleniumhq/selenium/selenium-api/3.141.59/selenium-api-3.141.59.jar:/Users/akeemwatson/.m2/repository/org/seleniumhq/selenium/selenium-chrome-driver/3.141.59/selenium-chrome-driver-3.141.59.jar:/Users/akeemwatson/.m2/repository/org/seleniumhq/selenium/selenium-edge-driver/3.141.59/selenium-edge-driver-3.141.59.jar:/Users/akeemwatson/.m2/repository/org/seleniumhq/selenium/selenium-firefox-driver/3.141.59/selenium-firefox-driver-3.141.59.jar:/Users/akeemwatson/.m2/repository/org/seleniumhq/selenium/selenium-ie-driver/3.141.59/selenium-ie-driver-3.141.59.jar:/Users/akeemwatson/.m2/repository/org/seleniumhq/selenium/selenium-opera-driver/3.141.59/selenium-opera-driver-3.141.59.jar:/Users/akeemwatson/.m2/repository/org/seleniumhq/selenium/selenium-remote-driver/3.141.59/selenium-remote-driver-3.141.59.jar:/Users/akeemwatson/.m2/repository/org/seleniumhq/selenium/selenium-safari-driver/3.141.59/selenium-safari-driver-3.141.59.jar:/Users/akeemwatson/.m2/repository/org/seleniumhq/selenium/selenium-support/3.141.59/selenium-support-3.141.59.jar:/Users/akeemwatson/.m2/repository/net/bytebuddy/byte-buddy/1.8.15/byte-buddy-1.8.15.jar:/Users/akeemwatson/.m2/repository/org/apache/commons/commons-exec/1.3/commons-exec-1.3.jar:/Users/akeemwatson/.m2/repository/com/google/guava/guava/25.0-jre/guava-25.0-jre.jar:/Users/akeemwatson/.m2/repository/com/google/code/findbugs/jsr305/1.3.9/jsr305-1.3.9.jar:/Users/akeemwatson/.m2/repository/org/checkerframework/checker-compat-qual/2.0.0/checker-compat-qual-2.0.0.jar:/Users/akeemwatson/.m2/repository/com/google/errorprone/error_prone_annotations/2.1.3/error_prone_annotations-2.1.3.jar:/Users/akeemwatson/.m2/repository/com/google/j2objc/j2objc-annotations/1.1/j2objc-annotations-1.1.jar:/Users/akeemwatson/.m2/repository/org/codehaus/mojo/animal-sniffer-annotations/1.14/animal-sniffer-annotations-1.14.jar:/Users/akeemwatson/.m2/repository/com/squareup/okhttp3/okhttp/3.11.0/okhttp-3.11.0.jar:/Users/akeemwatson/.m2/repository/com/squareup/okio/okio/1.14.0/okio-1.14.0.jar:/Users/akeemwatson/.m2/repository/com/browserstack/browserstack-local-java/1.0.6/browserstack-local-java-1.0.6.jar:/Users/akeemwatson/.m2/repository/commons-io/commons-io/1.3.2/commons-io-1.3.2.jar:/Users/akeemwatson/.m2/repository/org/json/json/20160212/json-20160212.jar:/Users/akeemwatson/.m2/repository/org/apache/commons/commons-lang3/3.11/commons-lang3-3.11.jar:/Users/akeemwatson/.m2/repository/org/slf4j/slf4j-api/1.7.30/slf4j-api-1.7.30.jar:/Users/akeemwatson/.m2/repository/ch/qos/logback/logback-classic/1.2.3/logback-classic-1.2.3.jar:/Users/akeemwatson/.m2/repository/ch/qos/logback/logback-core/1.2.3/logback-core-1.2.3.jar:/Users/akeemwatson/.m2/repository/org/testng/testng/7.4.0/testng-7.4.0.jar:/Users/akeemwatson/.m2/repository/com/beust/jcommander/1.78/jcommander-1.78.jar:/Users/akeemwatson/.m2/repository/org/webjars/jquery/3.5.1/jquery-3.5.1.jar:/Users/akeemwatson/.m2/repository/io/cucumber/cucumber-java/6.10.4/cucumber-java-6.10.4.jar:/Users/akeemwatson/.m2/repository/org/apiguardian/apiguardian-api/1.1.1/apiguardian-api-1.1.1.jar:/Users/akeemwatson/.m2/repository/io/cucumber/cucumber-core/6.10.4/cucumber-core-6.10.4.jar:/Users/akeemwatson/.m2/repository/io/cucumber/cucumber-gherkin/6.10.4/cucumber-gherkin-6.10.4.jar:/Users/akeemwatson/.m2/repository/io/cucumber/cucumber-gherkin-messages/6.10.4/cucumber-gherkin-messages-6.10.4.jar:/Users/akeemwatson/.m2/repository/io/cucumber/messages/15.0.0/messages-15.0.0.jar:/Users/akeemwatson/.m2/repository/io/cucumber/tag-expressions/3.0.1/tag-expressions-3.0.1.jar:/Users/akeemwatson/.m2/repository/io/cucumber/cucumber-expressions/10.3.0/cucumber-expressions-10.3.0.jar:/Users/akeemwatson/.m2/repository/io/cucumber/datatable/3.5.0/datatable-3.5.0.jar:/Users/akeemwatson/.m2/repository/io/cucumber/cucumber-plugin/6.10.4/cucumber-plugin-6.10.4.jar:/Users/akeemwatson/.m2/repository/io/cucumber/docstring/6.10.4/docstring-6.10.4.jar:/Users/akeemwatson/.m2/repository/io/cucumber/html-formatter/13.0.0/html-formatter-13.0.0.jar:/Users/akeemwatson/.m2/repository/io/cucumber/create-meta/4.0.0/create-meta-4.0.0.jar:/Users/akeemwatson/.m2/repository/io/cucumber/cucumber-picocontainer/6.10.4/cucumber-picocontainer-6.10.4.jar:/Users/akeemwatson/.m2/repository/org/picocontainer/picocontainer/2.15/picocontainer-2.15.jar:/Users/akeemwatson/.m2/repository/io/cucumber/cucumber-testng/6.10.4/cucumber-testng-6.10.4.jar:/Users/akeemwatson/.m2/repository/com/fasterxml/jackson/dataformat/jackson-dataformat-yaml/2.12.2/jackson-dataformat-yaml-2.12.2.jar:/Users/akeemwatson/.m2/repository/org/yaml/snakeyaml/1.27/snakeyaml-1.27.jar:/Users/akeemwatson/.m2/repository/com/fasterxml/jackson/core/jackson-core/2.12.2/jackson-core-2.12.2.jar:/Users/akeemwatson/.m2/repository/io/qameta/allure/allure-cucumber6-jvm/2.14.0/allure-cucumber6-jvm-2.14.0.jar:/Users/akeemwatson/.m2/repository/io/qameta/allure/allure-java-commons/2.14.0/allure-java-commons-2.14.0.jar:/Users/akeemwatson/.m2/repository/io/qameta/allure/allure-model/2.14.0/allure-model-2.14.0.jar:/Users/akeemwatson/.m2/repository/org/apache/tika/tika-core/1.26/tika-core-1.26.jar:/Users/akeemwatson/.m2/repository/javax/xml/bind/jaxb-api/2.3.1/jaxb-api-2.3.1.jar:/Users/akeemwatson/.m2/repository/javax/activation/javax.activation-api/1.2.0/javax.activation-api-1.2.0.jar:/Users/akeemwatson/.m2/repository/javax/activation/activation/1.1.1/activation-1.1.1.jar:/Users/akeemwatson/.m2/repository/org/jooq/joor-java-8/0.9.14/joor-java-8-0.9.14.jar:/Users/akeemwatson/.m2/repository/io/cucumber/gherkin/18.0.0/gherkin-18.0.0.jar:/Users/akeemwatson/.m2/repository/io/qameta/allure/allure-maven/2.10.0/allure-maven-2.10.0.jar:/Users/akeemwatson/.m2/repository/org/apache/httpcomponents/httpclient/4.5.3/httpclient-4.5.3.jar:/Users/akeemwatson/.m2/repository/org/apache/httpcomponents/httpcore/4.4.6/httpcore-4.4.6.jar:/Users/akeemwatson/.m2/repository/commons-logging/commons-logging/1.2/commons-logging-1.2.jar:/Users/akeemwatson/.m2/repository/commons-codec/commons-codec/1.9/commons-codec-1.9.jar:/Users/akeemwatson/.m2/repository/org/apache/maven/maven-core/3.3.9/maven-core-3.3.9.jar:/Users/akeemwatson/.m2/repository/org/apache/maven/maven-model/3.3.9/maven-model-3.3.9.jar:/Users/akeemwatson/.m2/repository/org/apache/maven/maven-settings/3.3.9/maven-settings-3.3.9.jar:/Users/akeemwatson/.m2/repository/org/apache/maven/maven-settings-builder/3.3.9/maven-settings-builder-3.3.9.jar:/Users/akeemwatson/.m2/repository/org/apache/maven/maven-builder-support/3.3.9/maven-builder-support-3.3.9.jar:/Users/akeemwatson/.m2/repository/org/apache/maven/maven-repository-metadata/3.3.9/maven-repository-metadata-3.3.9.jar:/Users/akeemwatson/.m2/repository/org/apache/maven/maven-artifact/3.3.9/maven-artifact-3.3.9.jar:/Users/akeemwatson/.m2/repository/org/apache/maven/maven-plugin-api/3.3.9/maven-plugin-api-3.3.9.jar:/Users/akeemwatson/.m2/repository/org/apache/maven/maven-model-builder/3.3.9/maven-model-builder-3.3.9.jar:/Users/akeemwatson/.m2/repository/org/apache/maven/maven-aether-provider/3.3.9/maven-aether-provider-3.3.9.jar:/Users/akeemwatson/.m2/repository/org/eclipse/aether/aether-spi/1.0.2.v20150114/aether-spi-1.0.2.v20150114.jar:/Users/akeemwatson/.m2/repository/org/eclipse/aether/aether-impl/1.0.2.v20150114/aether-impl-1.0.2.v20150114.jar:/Users/akeemwatson/.m2/repository/org/eclipse/aether/aether-api/1.0.2.v20150114/aether-api-1.0.2.v20150114.jar:/Users/akeemwatson/.m2/repository/org/eclipse/aether/aether-util/1.0.2.v20150114/aether-util-1.0.2.v20150114.jar:/Users/akeemwatson/.m2/repository/org/eclipse/sisu/org.eclipse.sisu.plexus/0.3.2/org.eclipse.sisu.plexus-0.3.2.jar:/Users/akeemwatson/.m2/repository/javax/enterprise/cdi-api/1.0/cdi-api-1.0.jar:/Users/akeemwatson/.m2/repository/javax/annotation/jsr250-api/1.0/jsr250-api-1.0.jar:/Users/akeemwatson/.m2/repository/org/eclipse/sisu/org.eclipse.sisu.inject/0.3.2/org.eclipse.sisu.inject-0.3.2.jar:/Users/akeemwatson/.m2/repository/com/google/inject/guice/4.0/guice-4.0-no_aop.jar:/Users/akeemwatson/.m2/repository/javax/inject/javax.inject/1/javax.inject-1.jar:/Users/akeemwatson/.m2/repository/aopalliance/aopalliance/1.0/aopalliance-1.0.jar:/Users/akeemwatson/.m2/repository/org/codehaus/plexus/plexus-interpolation/1.21/plexus-interpolation-1.21.jar:/Users/akeemwatson/.m2/repository/org/codehaus/plexus/plexus-utils/3.0.22/plexus-utils-3.0.22.jar:/Users/akeemwatson/.m2/repository/org/codehaus/plexus/plexus-classworlds/2.5.2/plexus-classworlds-2.5.2.jar:/Users/akeemwatson/.m2/repository/org/codehaus/plexus/plexus-component-annotations/1.6/plexus-component-annotations-1.6.jar:/Users/akeemwatson/.m2/repository/org/sonatype/plexus/plexus-sec-dispatcher/1.3/plexus-sec-dispatcher-1.3.jar:/Users/akeemwatson/.m2/repository/org/sonatype/plexus/plexus-cipher/1.4/plexus-cipher-1.4.jar:/Users/akeemwatson/.m2/repository/org/apache/maven/reporting/maven-reporting-impl/2.4/maven-reporting-impl-2.4.jar:/Users/akeemwatson/.m2/repository/org/apache/maven/reporting/maven-reporting-api/3.0/maven-reporting-api-3.0.jar:/Users/akeemwatson/.m2/repository/org/apache/maven/maven-project/2.2.1/maven-project-2.2.1.jar:/Users/akeemwatson/.m2/repository/org/apache/maven/maven-profile/2.2.1/maven-profile-2.2.1.jar:/Users/akeemwatson/.m2/repository/org/apache/maven/maven-artifact-manager/2.2.1/maven-artifact-manager-2.2.1.jar:/Users/akeemwatson/.m2/repository/backport-util-concurrent/backport-util-concurrent/3.1/backport-util-concurrent-3.1.jar:/Users/akeemwatson/.m2/repository/org/apache/maven/maven-plugin-registry/2.2.1/maven-plugin-registry-2.2.1.jar:/Users/akeemwatson/.m2/repository/org/codehaus/plexus/plexus-container-default/1.0-alpha-9-stable-1/plexus-container-default-1.0-alpha-9-stable-1.jar:/Users/akeemwatson/.m2/repository/junit/junit/3.8.1/junit-3.8.1.jar:/Users/akeemwatson/.m2/repository/classworlds/classworlds/1.1-alpha-2/classworlds-1.1-alpha-2.jar:/Users/akeemwatson/.m2/repository/org/apache/maven/shared/maven-shared-utils/0.6/maven-shared-utils-0.6.jar:/Users/akeemwatson/.m2/repository/org/apache/maven/doxia/doxia-sink-api/1.6/doxia-sink-api-1.6.jar:/Users/akeemwatson/.m2/repository/org/apache/maven/doxia/doxia-logging-api/1.6/doxia-logging-api-1.6.jar:/Users/akeemwatson/.m2/repository/org/apache/maven/doxia/doxia-core/1.6/doxia-core-1.6.jar:/Users/akeemwatson/.m2/repository/xerces/xercesImpl/2.9.1/xercesImpl-2.9.1.jar:/Users/akeemwatson/.m2/repository/commons-lang/commons-lang/2.4/commons-lang-2.4.jar:/Users/akeemwatson/.m2/repository/xmlunit/xmlunit/1.5/xmlunit-1.5.jar:/Users/akeemwatson/.m2/repository/org/apache/maven/doxia/doxia-site-renderer/1.6/doxia-site-renderer-1.6.jar:/Users/akeemwatson/.m2/repository/org/apache/maven/doxia/doxia-decoration-model/1.6/doxia-decoration-model-1.6.jar:/Users/akeemwatson/.m2/repository/org/apache/maven/doxia/doxia-module-xhtml/1.6/doxia-module-xhtml-1.6.jar:/Users/akeemwatson/.m2/repository/org/apache/maven/doxia/doxia-module-fml/1.6/doxia-module-fml-1.6.jar:/Users/akeemwatson/.m2/repository/org/codehaus/plexus/plexus-i18n/1.0-beta-7/plexus-i18n-1.0-beta-7.jar:/Users/akeemwatson/.m2/repository/org/codehaus/plexus/plexus-velocity/1.1.7/plexus-velocity-1.1.7.jar:/Users/akeemwatson/.m2/repository/org/apache/velocity/velocity-tools/2.0/velocity-tools-2.0.jar:/Users/akeemwatson/.m2/repository/commons-chain/commons-chain/1.1/commons-chain-1.1.jar:/Users/akeemwatson/.m2/repository/dom4j/dom4j/1.1/dom4j-1.1.jar:/Users/akeemwatson/.m2/repository/sslext/sslext/1.2-0/sslext-1.2-0.jar:/Users/akeemwatson/.m2/repository/org/apache/struts/struts-core/1.3.8/struts-core-1.3.8.jar:/Users/akeemwatson/.m2/repository/antlr/antlr/2.7.2/antlr-2.7.2.jar:/Users/akeemwatson/.m2/repository/org/apache/struts/struts-taglib/1.3.8/struts-taglib-1.3.8.jar:/Users/akeemwatson/.m2/repository/org/apache/struts/struts-tiles/1.3.8/struts-tiles-1.3.8.jar:/Users/akeemwatson/.m2/repository/commons-validator/commons-validator/1.4.1/commons-validator-1.4.1.jar:/Users/akeemwatson/.m2/repository/commons-digester/commons-digester/1.8.1/commons-digester-1.8.1.jar:/Users/akeemwatson/.m2/repository/commons-beanutils/commons-beanutils/1.9.3/commons-beanutils-1.9.3.jar:/Users/akeemwatson/.m2/repository/commons-collections/commons-collections/3.2.2/commons-collections-3.2.2.jar:/Users/akeemwatson/.m2/repository/net/lingala/zip4j/zip4j/1.3.2/zip4j-1.3.2.jar:/Users/akeemwatson/.m2/repository/org/apache/maven/plugin-tools/maven-plugin-annotations/3.2/maven-plugin-annotations-3.2.jar:/Users/akeemwatson/.m2/repository/org/apache/maven/plugins/maven-jxr-plugin/2.5/maven-jxr-plugin-2.5.jar:/Users/akeemwatson/.m2/repository/org/apache/velocity/velocity/1.5/velocity-1.5.jar:/Users/akeemwatson/.m2/repository/oro/oro/2.0.8/oro-2.0.8.jar:/Users/akeemwatson/.m2/repository/org/apache/maven/maven-jxr/2.5/maven-jxr-2.5.jar:/Users/akeemwatson/.m2/repository/org/apache/maven/wagon/wagon-provider-api/1.0/wagon-provider-api-1.0.jar:/Users/akeemwatson/.m2/repository/xml-apis/xml-apis/1.0.b2/xml-apis-1.0.b2.jar:/Users/akeemwatson/.m2/repository/xalan/xalan/2.7.0/xalan-2.7.0.jar:/Users/akeemwatson/.m2/repository/com/fasterxml/jackson/core/jackson-databind/2.12.2/jackson-databind-2.12.2.jar:/Users/akeemwatson/.m2/repository/com/fasterxml/jackson/core/jackson-annotations/2.12.2/jackson-annotations-2.12.2.jar:"/>
    <property name="java.vm.vendor" value="Oracle Corporation"/>
    <property name="sun.arch.data.model" value="64"/>
    <property name="java.vendor.url" value="https://java.oracle.com/"/>
    <property name="user.timezone" value="Europe/London"/>
    <property name="os.name" value="Mac OS X"/>
    <property name="java.vm.specification.version" value="15"/>
    <property name="dataproviderthreadcount" value="5"/>
    <property name="capabilities.config" value="capabilities-on-prem.yml"/>
    <property name="sun.java.launcher" value="SUN_STANDARD"/>
    <property name="user.country" value="GB"/>
    <property name="sun.boot.library.path" value="/Library/Java/JavaVirtualMachines/jdk-15.0.1.jdk/Contents/Home/lib"/>
    <property name="sun.java.command" value="/Users/akeemwatson/IdeaProjects/gymshark-cucumber-pageobject-testng/target/surefire/surefirebooter15295312937020631915.jar /Users/akeemwatson/IdeaProjects/gymshark-cucumber-pageobject-testng/target/surefire 2021-08-13T15-04-44_730-jvmRun1 surefire1832280870391109435tmp surefire_08476366485695724860tmp"/>
    <property name="http.nonProxyHosts" value="local|*.local|169.254/16|*.169.254/16"/>
    <property name="jdk.debug" value="release"/>
    <property name="surefire.test.class.path" value="/Users/akeemwatson/IdeaProjects/gymshark-cucumber-pageobject-testng/target/test-classes:/Users/akeemwatson/IdeaProjects/gymshark-cucumber-pageobject-testng/target/classes:/Users/akeemwatson/.m2/repository/org/seleniumhq/selenium/selenium-java/3.141.59/selenium-java-3.141.59.jar:/Users/akeemwatson/.m2/repository/org/seleniumhq/selenium/selenium-api/3.141.59/selenium-api-3.141.59.jar:/Users/akeemwatson/.m2/repository/org/seleniumhq/selenium/selenium-chrome-driver/3.141.59/selenium-chrome-driver-3.141.59.jar:/Users/akeemwatson/.m2/repository/org/seleniumhq/selenium/selenium-edge-driver/3.141.59/selenium-edge-driver-3.141.59.jar:/Users/akeemwatson/.m2/repository/org/seleniumhq/selenium/selenium-firefox-driver/3.141.59/selenium-firefox-driver-3.141.59.jar:/Users/akeemwatson/.m2/repository/org/seleniumhq/selenium/selenium-ie-driver/3.141.59/selenium-ie-driver-3.141.59.jar:/Users/akeemwatson/.m2/repository/org/seleniumhq/selenium/selenium-opera-driver/3.141.59/selenium-opera-driver-3.141.59.jar:/Users/akeemwatson/.m2/repository/org/seleniumhq/selenium/selenium-remote-driver/3.141.59/selenium-remote-driver-3.141.59.jar:/Users/akeemwatson/.m2/repository/org/seleniumhq/selenium/selenium-safari-driver/3.141.59/selenium-safari-driver-3.141.59.jar:/Users/akeemwatson/.m2/repository/org/seleniumhq/selenium/selenium-support/3.141.59/selenium-support-3.141.59.jar:/Users/akeemwatson/.m2/repository/net/bytebuddy/byte-buddy/1.8.15/byte-buddy-1.8.15.jar:/Users/akeemwatson/.m2/repository/org/apache/commons/commons-exec/1.3/commons-exec-1.3.jar:/Users/akeemwatson/.m2/repository/com/google/guava/guava/25.0-jre/guava-25.0-jre.jar:/Users/akeemwatson/.m2/repository/com/google/code/findbugs/jsr305/1.3.9/jsr305-1.3.9.jar:/Users/akeemwatson/.m2/repository/org/checkerframework/checker-compat-qual/2.0.0/checker-compat-qual-2.0.0.jar:/Users/akeemwatson/.m2/repository/com/google/errorprone/error_prone_annotations/2.1.3/error_prone_annotations-2.1.3.jar:/Users/akeemwatson/.m2/repository/com/google/j2objc/j2objc-annotations/1.1/j2objc-annotations-1.1.jar:/Users/akeemwatson/.m2/repository/org/codehaus/mojo/animal-sniffer-annotations/1.14/animal-sniffer-annotations-1.14.jar:/Users/akeemwatson/.m2/repository/com/squareup/okhttp3/okhttp/3.11.0/okhttp-3.11.0.jar:/Users/akeemwatson/.m2/repository/com/squareup/okio/okio/1.14.0/okio-1.14.0.jar:/Users/akeemwatson/.m2/repository/com/browserstack/browserstack-local-java/1.0.6/browserstack-local-java-1.0.6.jar:/Users/akeemwatson/.m2/repository/commons-io/commons-io/1.3.2/commons-io-1.3.2.jar:/Users/akeemwatson/.m2/repository/org/json/json/20160212/json-20160212.jar:/Users/akeemwatson/.m2/repository/org/apache/commons/commons-lang3/3.11/commons-lang3-3.11.jar:/Users/akeemwatson/.m2/repository/org/slf4j/slf4j-api/1.7.30/slf4j-api-1.7.30.jar:/Users/akeemwatson/.m2/repository/ch/qos/logback/logback-classic/1.2.3/logback-classic-1.2.3.jar:/Users/akeemwatson/.m2/repository/ch/qos/logback/logback-core/1.2.3/logback-core-1.2.3.jar:/Users/akeemwatson/.m2/repository/org/testng/testng/7.4.0/testng-7.4.0.jar:/Users/akeemwatson/.m2/repository/com/beust/jcommander/1.78/jcommander-1.78.jar:/Users/akeemwatson/.m2/repository/org/webjars/jquery/3.5.1/jquery-3.5.1.jar:/Users/akeemwatson/.m2/repository/io/cucumber/cucumber-java/6.10.4/cucumber-java-6.10.4.jar:/Users/akeemwatson/.m2/repository/org/apiguardian/apiguardian-api/1.1.1/apiguardian-api-1.1.1.jar:/Users/akeemwatson/.m2/repository/io/cucumber/cucumber-core/6.10.4/cucumber-core-6.10.4.jar:/Users/akeemwatson/.m2/repository/io/cucumber/cucumber-gherkin/6.10.4/cucumber-gherkin-6.10.4.jar:/Users/akeemwatson/.m2/repository/io/cucumber/cucumber-gherkin-messages/6.10.4/cucumber-gherkin-messages-6.10.4.jar:/Users/akeemwatson/.m2/repository/io/cucumber/messages/15.0.0/messages-15.0.0.jar:/Users/akeemwatson/.m2/repository/io/cucumber/tag-expressions/3.0.1/tag-expressions-3.0.1.jar:/Users/akeemwatson/.m2/repository/io/cucumber/cucumber-expressions/10.3.0/cucumber-expressions-10.3.0.jar:/Users/akeemwatson/.m2/repository/io/cucumber/datatable/3.5.0/datatable-3.5.0.jar:/Users/akeemwatson/.m2/repository/io/cucumber/cucumber-plugin/6.10.4/cucumber-plugin-6.10.4.jar:/Users/akeemwatson/.m2/repository/io/cucumber/docstring/6.10.4/docstring-6.10.4.jar:/Users/akeemwatson/.m2/repository/io/cucumber/html-formatter/13.0.0/html-formatter-13.0.0.jar:/Users/akeemwatson/.m2/repository/io/cucumber/create-meta/4.0.0/create-meta-4.0.0.jar:/Users/akeemwatson/.m2/repository/io/cucumber/cucumber-picocontainer/6.10.4/cucumber-picocontainer-6.10.4.jar:/Users/akeemwatson/.m2/repository/org/picocontainer/picocontainer/2.15/picocontainer-2.15.jar:/Users/akeemwatson/.m2/repository/io/cucumber/cucumber-testng/6.10.4/cucumber-testng-6.10.4.jar:/Users/akeemwatson/.m2/repository/com/fasterxml/jackson/dataformat/jackson-dataformat-yaml/2.12.2/jackson-dataformat-yaml-2.12.2.jar:/Users/akeemwatson/.m2/repository/org/yaml/snakeyaml/1.27/snakeyaml-1.27.jar:/Users/akeemwatson/.m2/repository/com/fasterxml/jackson/core/jackson-core/2.12.2/jackson-core-2.12.2.jar:/Users/akeemwatson/.m2/repository/io/qameta/allure/allure-cucumber6-jvm/2.14.0/allure-cucumber6-jvm-2.14.0.jar:/Users/akeemwatson/.m2/repository/io/qameta/allure/allure-java-commons/2.14.0/allure-java-commons-2.14.0.jar:/Users/akeemwatson/.m2/repository/io/qameta/allure/allure-model/2.14.0/allure-model-2.14.0.jar:/Users/akeemwatson/.m2/repository/org/apache/tika/tika-core/1.26/tika-core-1.26.jar:/Users/akeemwatson/.m2/repository/javax/xml/bind/jaxb-api/2.3.1/jaxb-api-2.3.1.jar:/Users/akeemwatson/.m2/repository/javax/activation/javax.activation-api/1.2.0/javax.activation-api-1.2.0.jar:/Users/akeemwatson/.m2/repository/javax/activation/activation/1.1.1/activation-1.1.1.jar:/Users/akeemwatson/.m2/repository/org/jooq/joor-java-8/0.9.14/joor-java-8-0.9.14.jar:/Users/akeemwatson/.m2/repository/io/cucumber/gherkin/18.0.0/gherkin-18.0.0.jar:/Users/akeemwatson/.m2/repository/io/qameta/allure/allure-maven/2.10.0/allure-maven-2.10.0.jar:/Users/akeemwatson/.m2/repository/org/apache/httpcomponents/httpclient/4.5.3/httpclient-4.5.3.jar:/Users/akeemwatson/.m2/repository/org/apache/httpcomponents/httpcore/4.4.6/httpcore-4.4.6.jar:/Users/akeemwatson/.m2/repository/commons-logging/commons-logging/1.2/commons-logging-1.2.jar:/Users/akeemwatson/.m2/repository/commons-codec/commons-codec/1.9/commons-codec-1.9.jar:/Users/akeemwatson/.m2/repository/org/apache/maven/maven-core/3.3.9/maven-core-3.3.9.jar:/Users/akeemwatson/.m2/repository/org/apache/maven/maven-model/3.3.9/maven-model-3.3.9.jar:/Users/akeemwatson/.m2/repository/org/apache/maven/maven-settings/3.3.9/maven-settings-3.3.9.jar:/Users/akeemwatson/.m2/repository/org/apache/maven/maven-settings-builder/3.3.9/maven-settings-builder-3.3.9.jar:/Users/akeemwatson/.m2/repository/org/apache/maven/maven-builder-support/3.3.9/maven-builder-support-3.3.9.jar:/Users/akeemwatson/.m2/repository/org/apache/maven/maven-repository-metadata/3.3.9/maven-repository-metadata-3.3.9.jar:/Users/akeemwatson/.m2/repository/org/apache/maven/maven-artifact/3.3.9/maven-artifact-3.3.9.jar:/Users/akeemwatson/.m2/repository/org/apache/maven/maven-plugin-api/3.3.9/maven-plugin-api-3.3.9.jar:/Users/akeemwatson/.m2/repository/org/apache/maven/maven-model-builder/3.3.9/maven-model-builder-3.3.9.jar:/Users/akeemwatson/.m2/repository/org/apache/maven/maven-aether-provider/3.3.9/maven-aether-provider-3.3.9.jar:/Users/akeemwatson/.m2/repository/org/eclipse/aether/aether-spi/1.0.2.v20150114/aether-spi-1.0.2.v20150114.jar:/Users/akeemwatson/.m2/repository/org/eclipse/aether/aether-impl/1.0.2.v20150114/aether-impl-1.0.2.v20150114.jar:/Users/akeemwatson/.m2/repository/org/eclipse/aether/aether-api/1.0.2.v20150114/aether-api-1.0.2.v20150114.jar:/Users/akeemwatson/.m2/repository/org/eclipse/aether/aether-util/1.0.2.v20150114/aether-util-1.0.2.v20150114.jar:/Users/akeemwatson/.m2/repository/org/eclipse/sisu/org.eclipse.sisu.plexus/0.3.2/org.eclipse.sisu.plexus-0.3.2.jar:/Users/akeemwatson/.m2/repository/javax/enterprise/cdi-api/1.0/cdi-api-1.0.jar:/Users/akeemwatson/.m2/repository/javax/annotation/jsr250-api/1.0/jsr250-api-1.0.jar:/Users/akeemwatson/.m2/repository/org/eclipse/sisu/org.eclipse.sisu.inject/0.3.2/org.eclipse.sisu.inject-0.3.2.jar:/Users/akeemwatson/.m2/repository/com/google/inject/guice/4.0/guice-4.0-no_aop.jar:/Users/akeemwatson/.m2/repository/javax/inject/javax.inject/1/javax.inject-1.jar:/Users/akeemwatson/.m2/repository/aopalliance/aopalliance/1.0/aopalliance-1.0.jar:/Users/akeemwatson/.m2/repository/org/codehaus/plexus/plexus-interpolation/1.21/plexus-interpolation-1.21.jar:/Users/akeemwatson/.m2/repository/org/codehaus/plexus/plexus-utils/3.0.22/plexus-utils-3.0.22.jar:/Users/akeemwatson/.m2/repository/org/codehaus/plexus/plexus-classworlds/2.5.2/plexus-classworlds-2.5.2.jar:/Users/akeemwatson/.m2/repository/org/codehaus/plexus/plexus-component-annotations/1.6/plexus-component-annotations-1.6.jar:/Users/akeemwatson/.m2/repository/org/sonatype/plexus/plexus-sec-dispatcher/1.3/plexus-sec-dispatcher-1.3.jar:/Users/akeemwatson/.m2/repository/org/sonatype/plexus/plexus-cipher/1.4/plexus-cipher-1.4.jar:/Users/akeemwatson/.m2/repository/org/apache/maven/reporting/maven-reporting-impl/2.4/maven-reporting-impl-2.4.jar:/Users/akeemwatson/.m2/repository/org/apache/maven/reporting/maven-reporting-api/3.0/maven-reporting-api-3.0.jar:/Users/akeemwatson/.m2/repository/org/apache/maven/maven-project/2.2.1/maven-project-2.2.1.jar:/Users/akeemwatson/.m2/repository/org/apache/maven/maven-profile/2.2.1/maven-profile-2.2.1.jar:/Users/akeemwatson/.m2/repository/org/apache/maven/maven-artifact-manager/2.2.1/maven-artifact-manager-2.2.1.jar:/Users/akeemwatson/.m2/repository/backport-util-concurrent/backport-util-concurrent/3.1/backport-util-concurrent-3.1.jar:/Users/akeemwatson/.m2/repository/org/apache/maven/maven-plugin-registry/2.2.1/maven-plugin-registry-2.2.1.jar:/Users/akeemwatson/.m2/repository/org/codehaus/plexus/plexus-container-default/1.0-alpha-9-stable-1/plexus-container-default-1.0-alpha-9-stable-1.jar:/Users/akeemwatson/.m2/repository/junit/junit/3.8.1/junit-3.8.1.jar:/Users/akeemwatson/.m2/repository/classworlds/classworlds/1.1-alpha-2/classworlds-1.1-alpha-2.jar:/Users/akeemwatson/.m2/repository/org/apache/maven/shared/maven-shared-utils/0.6/maven-shared-utils-0.6.jar:/Users/akeemwatson/.m2/repository/org/apache/maven/doxia/doxia-sink-api/1.6/doxia-sink-api-1.6.jar:/Users/akeemwatson/.m2/repository/org/apache/maven/doxia/doxia-logging-api/1.6/doxia-logging-api-1.6.jar:/Users/akeemwatson/.m2/repository/org/apache/maven/doxia/doxia-core/1.6/doxia-core-1.6.jar:/Users/akeemwatson/.m2/repository/xerces/xercesImpl/2.9.1/xercesImpl-2.9.1.jar:/Users/akeemwatson/.m2/repository/commons-lang/commons-lang/2.4/commons-lang-2.4.jar:/Users/akeemwatson/.m2/repository/xmlunit/xmlunit/1.5/xmlunit-1.5.jar:/Users/akeemwatson/.m2/repository/org/apache/maven/doxia/doxia-site-renderer/1.6/doxia-site-renderer-1.6.jar:/Users/akeemwatson/.m2/repository/org/apache/maven/doxia/doxia-decoration-model/1.6/doxia-decoration-model-1.6.jar:/Users/akeemwatson/.m2/repository/org/apache/maven/doxia/doxia-module-xhtml/1.6/doxia-module-xhtml-1.6.jar:/Users/akeemwatson/.m2/repository/org/apache/maven/doxia/doxia-module-fml/1.6/doxia-module-fml-1.6.jar:/Users/akeemwatson/.m2/repository/org/codehaus/plexus/plexus-i18n/1.0-beta-7/plexus-i18n-1.0-beta-7.jar:/Users/akeemwatson/.m2/repository/org/codehaus/plexus/plexus-velocity/1.1.7/plexus-velocity-1.1.7.jar:/Users/akeemwatson/.m2/repository/org/apache/velocity/velocity-tools/2.0/velocity-tools-2.0.jar:/Users/akeemwatson/.m2/repository/commons-chain/commons-chain/1.1/commons-chain-1.1.jar:/Users/akeemwatson/.m2/repository/dom4j/dom4j/1.1/dom4j-1.1.jar:/Users/akeemwatson/.m2/repository/sslext/sslext/1.2-0/sslext-1.2-0.jar:/Users/akeemwatson/.m2/repository/org/apache/struts/struts-core/1.3.8/struts-core-1.3.8.jar:/Users/akeemwatson/.m2/repository/antlr/antlr/2.7.2/antlr-2.7.2.jar:/Users/akeemwatson/.m2/repository/org/apache/struts/struts-taglib/1.3.8/struts-taglib-1.3.8.jar:/Users/akeemwatson/.m2/repository/org/apache/struts/struts-tiles/1.3.8/struts-tiles-1.3.8.jar:/Users/akeemwatson/.m2/repository/commons-validator/commons-validator/1.4.1/commons-validator-1.4.1.jar:/Users/akeemwatson/.m2/repository/commons-digester/commons-digester/1.8.1/commons-digester-1.8.1.jar:/Users/akeemwatson/.m2/repository/commons-beanutils/commons-beanutils/1.9.3/commons-beanutils-1.9.3.jar:/Users/akeemwatson/.m2/repository/commons-collections/commons-collections/3.2.2/commons-collections-3.2.2.jar:/Users/akeemwatson/.m2/repository/net/lingala/zip4j/zip4j/1.3.2/zip4j-1.3.2.jar:/Users/akeemwatson/.m2/repository/org/apache/maven/plugin-tools/maven-plugin-annotations/3.2/maven-plugin-annotations-3.2.jar:/Users/akeemwatson/.m2/repository/org/apache/maven/plugins/maven-jxr-plugin/2.5/maven-jxr-plugin-2.5.jar:/Users/akeemwatson/.m2/repository/org/apache/velocity/velocity/1.5/velocity-1.5.jar:/Users/akeemwatson/.m2/repository/oro/oro/2.0.8/oro-2.0.8.jar:/Users/akeemwatson/.m2/repository/org/apache/maven/maven-jxr/2.5/maven-jxr-2.5.jar:/Users/akeemwatson/.m2/repository/org/apache/maven/wagon/wagon-provider-api/1.0/wagon-provider-api-1.0.jar:/Users/akeemwatson/.m2/repository/xml-apis/xml-apis/1.0.b2/xml-apis-1.0.b2.jar:/Users/akeemwatson/.m2/repository/xalan/xalan/2.7.0/xalan-2.7.0.jar:/Users/akeemwatson/.m2/repository/com/fasterxml/jackson/core/jackson-databind/2.12.2/jackson-databind-2.12.2.jar:/Users/akeemwatson/.m2/repository/com/fasterxml/jackson/core/jackson-annotations/2.12.2/jackson-annotations-2.12.2.jar:"/>
    <property name="sun.cpu.endian" value="little"/>
    <property name="user.home" value="/Users/akeemwatson"/>
    <property name="user.language" value="en"/>
    <property name="java.specification.vendor" value="Oracle Corporation"/>
    <property name="java.version.date" value="2020-10-20"/>
    <property name="java.home" value="/Library/Java/JavaVirtualMachines/jdk-15.0.1.jdk/Contents/Home"/>
    <property name="file.separator" value="/"/>
    <property name="basedir" value="/Users/akeemwatson/IdeaProjects/gymshark-cucumber-pageobject-testng"/>
    <property name="java.vm.compressedOopsMode" value="Zero based"/>
    <property name="line.separator" value="&#10;"/>
    <property name="java.vm.specification.vendor" value="Oracle Corporation"/>
    <property name="java.specification.name" value="Java Platform API Specification"/>
    <property name="surefire.real.class.path" value="/Users/akeemwatson/IdeaProjects/gymshark-cucumber-pageobject-testng/target/surefire/surefirebooter15295312937020631915.jar"/>
    <property name="sun.management.compiler" value="HotSpot 64-Bit Tiered Compilers"/>
    <property name="ftp.nonProxyHosts" value="local|*.local|169.254/16|*.169.254/16"/>
    <property name="java.runtime.version" value="15.0.1+9-18"/>
    <property name="user.name" value="akeemwatson"/>
    <property name="path.separator" value=":"/>
    <property name="os.version" value="10.16"/>
    <property name="java.runtime.name" value="Java(TM) SE Runtime Environment"/>
    <property name="file.encoding" value="UTF-8"/>
    <property name="java.vm.name" value="Java HotSpot(TM) 64-Bit Server VM"/>
    <property name="localRepository" value="/Users/akeemwatson/.m2/repository"/>
    <property name="java.vendor.url.bug" value="https://bugreport.java.com/bugreport/"/>
    <property name="java.io.tmpdir" value="/var/folders/l7/wvxbjkvj1hnggg5nlnyp1n600000gp/T/"/>
    <property name="java.version" value="15.0.1"/>
    <property name="user.dir" value="/Users/akeemwatson/IdeaProjects/gymshark-cucumber-pageobject-testng"/>
    <property name="os.arch" value="x86_64"/>
    <property name="java.vm.specification.name" value="Java Virtual Machine Specification"/>
    <property name="java.library.path" value="/Users/akeemwatson/Library/Java/Extensions:/Library/Java/Extensions:/Network/Library/Java/Extensions:/System/Library/Java/Extensions:/usr/lib/java:."/>
    <property name="java.vm.info" value="mixed mode, sharing"/>
    <property name="java.vendor" value="Oracle Corporation"/>
    <property name="java.vm.version" value="15.0.1+9-18"/>
    <property name="sun.io.unicode.encoding" value="UnicodeBig"/>
    <property name="socksNonProxyHosts" value="local|*.local|169.254/16|*.169.254/16"/>
    <property name="java.class.version" value="59.0"/>
  </properties>
  <testcase name="feature[&quot;Search for an item and add to the basket via quick add&quot;, &quot;Optional[Check an item can be searched and added to the basket]&quot;, com.gymshark.core.ManagedWebDriver@3ec7e33c](1)" classname="com.gymshark.tests.RunWebDriverCucumberTests" time="33.268">
    <system-out><![CDATA[capabilities.config
15:04:45.961 [TestNG-test=Cucumber Tests-1] DEBUG com.gymshark.core.WebDriverFactory - Using capabilities configuration from FILE :: capabilities-on-prem.yml
15:04:46.049 [TestNG-test=Cucumber Tests-1] DEBUG com.gymshark.core.WebDriverFactory - Running tests on 1 active platforms.

Scenario: Search for an item and add to the basket via quick add                          &amp#27;[90m# features/search.feature:3&amp#27;[0m

Scenario: Search for an item and add 2 items to the basket via basket                     &amp#27;[90m# features/search.feature:15&amp#27;[0m
  &amp#27;[32mGiven &amp#27;[0m&amp#27;[32mThe Gymshark homepage has successfully loaded&amp#27;[0m                                     &amp#27;[90m# com.gymshark.stepdefs.CommonSteps.theGymsharkHomepageHasSuccessfullyLoaded()&amp#27;[0m
  &amp#27;[32mGiven &amp#27;[0m&amp#27;[32mThe Gymshark homepage has successfully loaded&amp#27;[0m                                     &amp#27;[90m# com.gymshark.stepdefs.CommonSteps.theGymsharkHomepageHasSuccessfullyLoaded()&amp#27;[0m
  &amp#27;[32mWhen &amp#27;[0m&amp#27;[32mI search for an item I should see a list of matching search results&amp#27;[0m                &amp#27;[90m# com.gymshark.stepdefs.search.Search.theSearchButtonIsClicked()&amp#27;[0m
  &amp#27;[32mWhen &amp#27;[0m&amp#27;[32mI search for an item I should see a list of matching search results&amp#27;[0m                &amp#27;[90m# com.gymshark.stepdefs.search.Search.theSearchButtonIsClicked()&amp#27;[0m
  &amp#27;[32mThen &amp#27;[0m&amp#27;[32mI will choose an item and size which will get added to the cart&amp#27;[0m                    &amp#27;[90m# com.gymshark.stepdefs.search.Search.iHoverOverAnItemTheQuickAddSizeCtaWillAppear()&amp#27;[0m
  &amp#27;[32mThen &amp#27;[0m&amp#27;[32mI will choose an item and size which will get added to the cart&amp#27;[0m                    &amp#27;[90m# com.gymshark.stepdefs.search.Search.iHoverOverAnItemTheQuickAddSizeCtaWillAppear()&amp#27;[0m
  &amp#27;[32mWhen &amp#27;[0m&amp#27;[32mThe minicart is open and i click on the x button&amp#27;[0m                                   &amp#27;[90m# com.gymshark.stepdefs.search.Search.theMiniCartIsOpenAndIClickOnTheXButton()&amp#27;[0m
  &amp#27;[32mThen &amp#27;[0m&amp#27;[32mThe minicart will close&amp#27;[0m                                                            &amp#27;[90m# com.gymshark.stepdefs.search.Search.theMiniCartWillClose()&amp#27;[0m
  &amp#27;[32mThen &amp#27;[0m&amp#27;[32mI will add another item which will get added to the cart&amp#27;[0m                           &amp#27;[90m# com.gymshark.stepdefs.search.Search.iWillAddAnotherItemWhichWillGetAddedToTheCart()&amp#27;[0m
  &amp#27;[32mWhen &amp#27;[0m&amp#27;[32mThe cart has opened then I will click on checkout button&amp#27;[0m                           &amp#27;[90m# com.gymshark.stepdefs.search.Search.theCartHasOpenedThenIWillClickOnCheckoutButton()&amp#27;[0m
  &amp#27;[32mThen &amp#27;[0m&amp#27;[32mI will be redirected to the information page&amp#27;[0m                                       &amp#27;[90m# com.gymshark.stepdefs.search.Search.iWillBeRedirectedToTheInformationPage()&amp#27;[0m
  &amp#27;[32mWhen &amp#27;[0m&amp#27;[32mThe cart has opened then I will click on checkout button&amp#27;[0m                           &amp#27;[90m# com.gymshark.stepdefs.search.Search.theCartHasOpenedThenIWillClickOnCheckoutButton()&amp#27;[0m
  &amp#27;[32mThen &amp#27;[0m&amp#27;[32mI will be redirected to the information page&amp#27;[0m                                       &amp#27;[90m# com.gymshark.stepdefs.search.Search.iWillBeRedirectedToTheInformationPage()&amp#27;[0m
  &amp#27;[32mWhen &amp#27;[0m&amp#27;[32mI click continue to shipping after filling out the mandatory fields on information&amp#27;[0m &amp#27;[90m# com.gymshark.stepdefs.search.Search.iClickContinueToShippingAfterFillingOutTheMandatoryFieldsOnInformation()&amp#27;[0m
  &amp#27;[32mThen &amp#27;[0m&amp#27;[32mI will be taken to the shipping page&amp#27;[0m                                               &amp#27;[90m# com.gymshark.stepdefs.search.Search.iWillBeTakenToTheShippingPage()&amp#27;[0m
  &amp#27;[32mWhen &amp#27;[0m&amp#27;[32mI click continue to shipping after filling out the mandatory fields on information&amp#27;[0m &amp#27;[90m# com.gymshark.stepdefs.search.Search.iClickContinueToShippingAfterFillingOutTheMandatoryFieldsOnInformation()&amp#27;[0m
  &amp#27;[32mThen &amp#27;[0m&amp#27;[32mI will be taken to the shipping page&amp#27;[0m                                               &amp#27;[90m# com.gymshark.stepdefs.search.Search.iWillBeTakenToTheShippingPage()&amp#27;[0m
  &amp#27;[32mWhen &amp#27;[0m&amp#27;[32mI click on the continue to payment button&amp#27;[0m                                          &amp#27;[90m# com.gymshark.stepdefs.search.Search.iClickOnTheContinueToPaymentButton()&amp#27;[0m
  &amp#27;[32mThen &amp#27;[0m&amp#27;[32mI will be taken to the payment page&amp#27;[0m                                                &amp#27;[90m# com.gymshark.stepdefs.search.Search.iWillBeTakenToThePaymentPage()&amp#27;[0m
]]></system-out>
    <system-err><![CDATA[Starting ChromeDriver 92.0.4515.43 (8c61b7e2989f2990d42f859cac71319137787cce-refs/branch-heads/4515@{#306}) on port 17795
Only local connections are allowed.
Please see https://chromedriver.chromium.org/security-considerations for suggestionSst oanr tiknege pCihnrgo mCehDrroivmeerD r9i2v.e0r. 4s5a1f5e..43
 (8Cch6r1obm7eeD2r9i8v9fe2r9 9w0ads42 fs8t5a9rctace7d1 3s1u9c1c37e7s8s7fcuclel-yr.e
fs/branch-heads/4515@{#306}) on port 19486
Only local connections are allowed.
Please see https://chromedriver.chromium.org/security-considerations for suggestions on keeping ChromeDriver safe.
ChromeDriver was started successfully.
Aug 13, 2021 3:04:50 PM org.openqa.selenium.remote.ProtocolHandshake createSession
INFO: Detected dialect: W3C
Aug 13, 2021 3:04:50 PM org.openqa.selenium.remote.ProtocolHandshake createSession
INFO: Detected dialect: W3C
]]></system-err>
  </testcase>
  <testcase name="feature[&quot;Search for an item and add 2 items to the basket via basket&quot;, &quot;Optional[Check an item can be searched and added to the basket]&quot;, com.gymshark.core.ManagedWebDriver@1f91e974](2)" classname="com.gymshark.tests.RunWebDriverCucumberTests" time="34.702">
    <system-out><![CDATA[  &amp#27;[32mWhen &amp#27;[0m&amp#27;[32mI click on the continue to payment button&amp#27;[0m                                          &amp#27;[90m# com.gymshark.stepdefs.search.Search.iClickOnTheContinueToPaymentButton()&amp#27;[0m
  &amp#27;[32mThen &amp#27;[0m&amp#27;[32mI will be taken to the payment page&amp#27;[0m                                                &amp#27;[90m# com.gymshark.stepdefs.search.Search.iWillBeTakenToThePaymentPage()&amp#27;[0m
]]></system-out>
  </testcase>
</testsuite>