<?xml version="1.0" encoding="UTF-8"?>
<!-- Generated by org.testng.reporters.JUnitReportReporter -->
<testsuite hostname="akeemwatson-MacBook-pro-2.local" failures="0" tests="2" name="com.gymshark.tests.RunWebDriverCucumberTests" time="67.947" errors="0" timestamp="2021-08-13T15:05:20 BST" skipped="0">
  <testcase classname="com.gymshark.tests.RunWebDriverCucumberTests" name="feature" time="34.703"/>
  <system-out/>
  <testcase classname="com.gymshark.tests.RunWebDriverCucumberTests" name="feature" time="33.244"/>
  <system-out/>
</testsuite> <!-- com.gymshark.tests.RunWebDriverCucumberTests -->
